<!DOCTYPE html PUBLIC "-//W3C//DTD XHTML 1.1//EN" "http://www.w3.org/TR/xhtml11/DTD/xhtml11.dtd">
<html xmlns="http://www.w3.org/1999/xhtml">
<head>
<meta http-equiv="content-type" content="text/html; charset=UTF-8"/>
<title>TestNG Report</title>
<style type="text/css">table {margin-bottom:10px;border-collapse:collapse;empty-cells:show}th,td {border:1px solid #009;padding:.25em .5em}th {vertical-align:bottom}td {vertical-align:top}table a {font-weight:bold}.stripe td {background-color: #E6EBF9}.num {text-align:right}.passedodd td {background-color: #3F3}.passedeven td {background-color: #0A0}.skippedodd td {background-color: #DDD}.skippedeven td {background-color: #CCC}.failedodd td,.attn {background-color: #F33}.failedeven td,.stripe .attn {background-color: #D00}.stacktrace {white-space:pre;font-family:monospace}.totop {font-size:85%;text-align:center;border-bottom:2px solid #000}.invisible {display:none}</style>
</head>
<body>
<table>
<tr><th>Test</th><th># Passed</th><th># Skipped</th><th># Failed</th><th>Time (ms)</th><th>Included Groups</th><th>Excluded Groups</th></tr>
<tr><th colspan="7">BRTestSuite</th></tr>
<tr><td><a href="#t0">HomePageTest</a></td><td class="num">4</td><td class="num">0</td><td class="num attn">2</td><td class="num">28,943</td><td></td><td></td></tr>
<tr class="stripe"><td><a href="#t1">LoginTest</a></td><td class="num">5</td><td class="num">0</td><td class="num attn">1</td><td class="num">36,926</td><td></td><td></td></tr>
<tr><td><a href="#t2">SearchPageTest</a></td><td class="num">2</td><td class="num">0</td><td class="num attn">1</td><td class="num">47,592</td><td></td><td></td></tr>
<tr class="stripe"><td><a href="#t3">ProductPageTest</a></td><td class="num">4</td><td class="num">0</td><td class="num">0</td><td class="num">54,024</td><td></td><td></td></tr>
<tr><td><a href="#t4">ShopBagPageTest</a></td><td class="num">3</td><td class="num">0</td><td class="num">0</td><td class="num">61,385</td><td></td><td></td></tr>
<tr class="stripe"><td><a href="#t5">CheckoutPageTest</a></td><td class="num">5</td><td class="num">0</td><td class="num attn">1</td><td class="num">66,798</td><td></td><td></td></tr>
<tr><th>Total</th><th class="num">23</th><th class="num">0</th><th class="num attn">5</th><th class="num">295,668</th><th colspan="2"></th></tr>
</table>
<table id='summary'><thead><tr><th>Class</th><th>Method</th><th>Start</th><th>Time (ms)</th></tr></thead><tbody><tr><th colspan="4">BRTestSuite</th></tr></tbody><tbody id="t0"><tr><th colspan="4">HomePageTest &#8212; failed</th></tr><tr class="failedeven"><td rowspan="2">org.br.test.HomePageTest</td><td><a href="#m0">checkLogosTest</a></td><td rowspan="1">1578983348085</td><td rowspan="1">643</td></tr><tr class="failedeven"><td><a href="#m1">checkNavBarMenuTest</a></td><td rowspan="1">1578983348732</td><td rowspan="1">1919</td></tr><tr><th colspan="4">HomePageTest &#8212; passed</th></tr><tr class="passedeven"><td rowspan="4">org.br.test.HomePageTest</td><td><a href="#m2">checkShopBagTest</a></td><td rowspan="1">1578983350653</td><td rowspan="1">60</td></tr><tr class="passedeven"><td><a href="#m3">checkSignInMenuTest</a></td><td rowspan="1">1578983350715</td><td rowspan="1">549</td></tr><tr class="passedeven"><td><a href="#m4">clickSignInTest</a></td><td rowspan="1">1578983351265</td><td rowspan="1">9126</td></tr><tr class="passedeven"><td><a href="#m5">getTitleTest</a></td><td rowspan="1">1578983347105</td><td rowspan="1">976</td></tr></tbody>
<tbody id="t1"><tr><th colspan="4">LoginTest &#8212; failed</th></tr><tr class="failedeven"><td rowspan="1">org.br.test.LoginPageTest</td><td><a href="#m6">titleTest</a></td><td rowspan="1">1578983380201</td><td rowspan="1">68</td></tr><tr><th colspan="4">LoginTest &#8212; passed</th></tr><tr class="passedeven"><td rowspan="5">org.br.test.LoginPageTest</td><td><a href="#m7">accountDropDownMenuTest</a></td><td rowspan="1">1578983386848</td><td rowspan="1">536</td></tr><tr class="passedeven"><td><a href="#m8">accountInfoTest</a></td><td rowspan="1">1578983386683</td><td rowspan="1">163</td></tr><tr class="passedeven"><td><a href="#m9">clickSearchPageTest</a></td><td rowspan="1">1578983391998</td><td rowspan="1">5476</td></tr><tr class="passedeven"><td><a href="#m10">clickSignOutTest</a></td><td rowspan="1">1578983387389</td><td rowspan="1">4607</td></tr><tr class="passedeven"><td><a href="#m11">loginAccountTest</a></td><td rowspan="1">1578983380271</td><td rowspan="1">6411</td></tr></tbody>
<tbody id="t2"><tr><th colspan="4">SearchPageTest &#8212; failed</th></tr><tr class="failedeven"><td rowspan="1">org.br.test.SearchPageTest</td><td><a href="#m12">titleTest</a></td><td rowspan="1">1578983414437</td><td rowspan="1">6</td></tr><tr><th colspan="4">SearchPageTest &#8212; passed</th></tr><tr class="passedeven"><td rowspan="2">org.br.test.SearchPageTest</td><td><a href="#m13">searchQueryTest</a></td><td rowspan="1">1578983414444</td><td rowspan="1">23488</td></tr><tr class="passedeven"><td><a href="#m14">selectItemTest</a></td><td rowspan="1">1578983437933</td><td rowspan="1">7141</td></tr></tbody>
<tbody id="t3"><tr><th colspan="4">ProductPageTest &#8212; passed</th></tr><tr class="passedeven"><td rowspan="4">org.br.test.ProductPageTest</td><td><a href="#m15">clickCheckoutTest</a></td><td rowspan="1">1578983491341</td><td rowspan="1">7681</td></tr><tr class="passedeven"><td><a href="#m16">getProductDetailTest</a></td><td rowspan="1">1578983488453</td><td rowspan="1">2887</td></tr><tr class="passedeven"><td><a href="#m17">getTitleTest</a></td><td rowspan="1">1578983487104</td><td rowspan="1">35</td></tr><tr class="passedeven"><td><a href="#m18">itemAddToBagTest</a></td><td rowspan="1">1578983487140</td><td rowspan="1">1312</td></tr></tbody>
<tbody id="t4"><tr><th colspan="4">ShopBagPageTest &#8212; passed</th></tr><tr class="passedeven"><td rowspan="3">org.br.test.ShopBagPageTest</td><td><a href="#m19">checkProductDetailTest</a></td><td rowspan="1">1578983552707</td><td rowspan="1">122</td></tr><tr class="passedeven"><td><a href="#m20">clickCheckoutTest</a></td><td rowspan="1">1578983552830</td><td rowspan="1">7764</td></tr><tr class="passedeven"><td><a href="#m21">titleTest</a></td><td rowspan="1">1578983552549</td><td rowspan="1">157</td></tr></tbody>
<tbody id="t5"><tr><th colspan="4">CheckoutPageTest &#8212; failed</th></tr><tr class="failedeven"><td rowspan="1">org.br.test.CheckoutPageTest</td><td><a href="#m22">productDetailActualTest</a></td><td rowspan="1">1578983621310</td><td rowspan="1">112</td></tr><tr><th colspan="4">CheckoutPageTest &#8212; passed</th></tr><tr class="passedeven"><td rowspan="5">org.br.test.CheckoutPageTest</td><td><a href="#m23">getTitles</a></td><td rowspan="1">1578983623818</td><td rowspan="1">3451</td></tr><tr class="passedeven"><td><a href="#m24">guestUserDisplayTest</a></td><td rowspan="1">1578983621478</td><td rowspan="1">235</td></tr><tr class="passedeven"><td><a href="#m25">loginReturnUserTest</a></td><td rowspan="1">1578983623148</td><td rowspan="1">668</td></tr><tr class="passedeven"><td><a href="#m26">orderSummaryTest</a></td><td rowspan="1">1578983621423</td><td rowspan="1">54</td></tr><tr class="passedeven"><td><a href="#m27">returnUserDisplayTest</a></td><td rowspan="1">1578983621714</td><td rowspan="1">1433</td></tr></tbody>
</table>
<h2>HomePageTest</h2><h3 id="m0">org.br.test.HomePageTest#checkLogosTest</h3><table class="result"><tr><th>Exception</th></tr><tr><td><div class="stacktrace">java.lang.AssertionError: The following asserts failed:
	logos mismatch expected [Old] but found [Old Navy],
	logos mismatch expected [Hill] but found [Hill City]
	at org.testng.asserts.SoftAssert.assertAll(SoftAssert.java:43)
	at org.br.test.HomePageTest.checkLogosTest(HomePageTest.java:67)
	at sun.reflect.NativeMethodAccessorImpl.invoke0(Native Method)
	at sun.reflect.NativeMethodAccessorImpl.invoke(Unknown Source)
	at sun.reflect.DelegatingMethodAccessorImpl.invoke(Unknown Source)
	at java.lang.reflect.Method.invoke(Unknown Source)
	at org.testng.internal.MethodInvocationHelper.invokeMethod(MethodInvocationHelper.java:124)
	at org.testng.internal.Invoker.invokeMethod(Invoker.java:583)
	at org.testng.internal.Invoker.invokeTestMethod(Invoker.java:719)
	at org.testng.internal.Invoker.invokeTestMethods(Invoker.java:989)
	at org.testng.internal.TestMethodWorker.invokeTestMethods(TestMethodWorker.java:125)
	at org.testng.internal.TestMethodWorker.run(TestMethodWorker.java:109)
	at org.testng.TestRunner.privateRun(TestRunner.java:648)
	at org.testng.TestRunner.run(TestRunner.java:505)
	at org.testng.SuiteRunner.runTest(SuiteRunner.java:455)
	at org.testng.SuiteRunner.runSequentially(SuiteRunner.java:450)
	at org.testng.SuiteRunner.privateRun(SuiteRunner.java:415)
	at org.testng.SuiteRunner.run(SuiteRunner.java:364)
	at org.testng.SuiteRunnerWorker.runSuite(SuiteRunnerWorker.java:52)
	at org.testng.SuiteRunnerWorker.run(SuiteRunnerWorker.java:84)
	at org.testng.TestNG.runSuitesSequentially(TestNG.java:1208)
	at org.testng.TestNG.runSuitesLocally(TestNG.java:1137)
	at org.testng.TestNG.runSuites(TestNG.java:1049)
	at org.testng.TestNG.run(TestNG.java:1017)
	at org.testng.remote.AbstractRemoteTestNG.run(AbstractRemoteTestNG.java:114)
	at org.testng.remote.RemoteTestNG.initAndRun(RemoteTestNG.java:251)
	at org.testng.remote.RemoteTestNG.main(RemoteTestNG.java:77)
</div></td></tr></table><p class="totop"><a href="#summary">back to summary</a></p>
<h3 id="m1">org.br.test.HomePageTest#checkNavBarMenuTest</h3><table class="result"><tr><th>Exception</th></tr><tr><td><div class="stacktrace">java.lang.AssertionError: The following asserts failed:
	nav bar mismatch expected [GIFTS] but found [ABOUT US]
	at org.testng.asserts.SoftAssert.assertAll(SoftAssert.java:43)
	at org.br.test.HomePageTest.checkNavBarMenuTest(HomePageTest.java:97)
	at sun.reflect.NativeMethodAccessorImpl.invoke0(Native Method)
	at sun.reflect.NativeMethodAccessorImpl.invoke(Unknown Source)
	at sun.reflect.DelegatingMethodAccessorImpl.invoke(Unknown Source)
	at java.lang.reflect.Method.invoke(Unknown Source)
	at org.testng.internal.MethodInvocationHelper.invokeMethod(MethodInvocationHelper.java:124)
	at org.testng.internal.Invoker.invokeMethod(Invoker.java:583)
	at org.testng.internal.Invoker.invokeTestMethod(Invoker.java:719)
	at org.testng.internal.Invoker.invokeTestMethods(Invoker.java:989)
	at org.testng.internal.TestMethodWorker.invokeTestMethods(TestMethodWorker.java:125)
	at org.testng.internal.TestMethodWorker.run(TestMethodWorker.java:109)
	at org.testng.TestRunner.privateRun(TestRunner.java:648)
	at org.testng.TestRunner.run(TestRunner.java:505)
	at org.testng.SuiteRunner.runTest(SuiteRunner.java:455)
	at org.testng.SuiteRunner.runSequentially(SuiteRunner.java:450)
	at org.testng.SuiteRunner.privateRun(SuiteRunner.java:415)
	at org.testng.SuiteRunner.run(SuiteRunner.java:364)
	at org.testng.SuiteRunnerWorker.runSuite(SuiteRunnerWorker.java:52)
	at org.testng.SuiteRunnerWorker.run(SuiteRunnerWorker.java:84)
	at org.testng.TestNG.runSuitesSequentially(TestNG.java:1208)
	at org.testng.TestNG.runSuitesLocally(TestNG.java:1137)
	at org.testng.TestNG.runSuites(TestNG.java:1049)
	at org.testng.TestNG.run(TestNG.java:1017)
	at org.testng.remote.AbstractRemoteTestNG.run(AbstractRemoteTestNG.java:114)
	at org.testng.remote.RemoteTestNG.initAndRun(RemoteTestNG.java:251)
	at org.testng.remote.RemoteTestNG.main(RemoteTestNG.java:77)
</div></td></tr></table><p class="totop"><a href="#summary">back to summary</a></p>
<h3 id="m2">org.br.test.HomePageTest#checkShopBagTest</h3><table class="result"><tr><th class="invisible"/></tr></table><p class="totop"><a href="#summary">back to summary</a></p>
<h3 id="m3">org.br.test.HomePageTest#checkSignInMenuTest</h3><table class="result"><tr><th class="invisible"/></tr></table><p class="totop"><a href="#summary">back to summary</a></p>
<h3 id="m4">org.br.test.HomePageTest#clickSignInTest</h3><table class="result"><tr><th class="invisible"/></tr></table><p class="totop"><a href="#summary">back to summary</a></p>
<h3 id="m5">org.br.test.HomePageTest#getTitleTest</h3><table class="result"><tr><th class="invisible"/></tr></table><p class="totop"><a href="#summary">back to summary</a></p>
<h2>LoginTest</h2><h3 id="m6">org.br.test.LoginPageTest#titleTest</h3><table class="result"><tr><th>Exception</th></tr><tr><td><div class="stacktrace">java.lang.AssertionError: title mismatch expected [Sign In | Banana Republic Bad] but found [Sign In | Banana Republic]
	at org.testng.Assert.fail(Assert.java:96)
	at org.testng.Assert.failNotEquals(Assert.java:776)
	at org.testng.Assert.assertEqualsImpl(Assert.java:137)
	at org.testng.Assert.assertEquals(Assert.java:118)
	at org.testng.Assert.assertEquals(Assert.java:453)
	at org.br.test.LoginPageTest.titleTest(LoginPageTest.java:41)
	at sun.reflect.NativeMethodAccessorImpl.invoke0(Native Method)
	at sun.reflect.NativeMethodAccessorImpl.invoke(Unknown Source)
	at sun.reflect.DelegatingMethodAccessorImpl.invoke(Unknown Source)
	at java.lang.reflect.Method.invoke(Unknown Source)
	at org.testng.internal.MethodInvocationHelper.invokeMethod(MethodInvocationHelper.java:124)
	at org.testng.internal.Invoker.invokeMethod(Invoker.java:583)
	at org.testng.internal.Invoker.invokeTestMethod(Invoker.java:719)
	at org.testng.internal.Invoker.invokeTestMethods(Invoker.java:989)
	at org.testng.internal.TestMethodWorker.invokeTestMethods(TestMethodWorker.java:125)
	at org.testng.internal.TestMethodWorker.run(TestMethodWorker.java:109)
	at org.testng.TestRunner.privateRun(TestRunner.java:648)
	at org.testng.TestRunner.run(TestRunner.java:505)
	at org.testng.SuiteRunner.runTest(SuiteRunner.java:455)
	at org.testng.SuiteRunner.runSequentially(SuiteRunner.java:450)
	at org.testng.SuiteRunner.privateRun(SuiteRunner.java:415)
	at org.testng.SuiteRunner.run(SuiteRunner.java:364)
	at org.testng.SuiteRunnerWorker.runSuite(SuiteRunnerWorker.java:52)
	at org.testng.SuiteRunnerWorker.run(SuiteRunnerWorker.java:84)
	at org.testng.TestNG.runSuitesSequentially(TestNG.java:1208)
	at org.testng.TestNG.runSuitesLocally(TestNG.java:1137)
	at org.testng.TestNG.runSuites(TestNG.java:1049)
	at org.testng.TestNG.run(TestNG.java:1017)
	at org.testng.remote.AbstractRemoteTestNG.run(AbstractRemoteTestNG.java:114)
	at org.testng.remote.RemoteTestNG.initAndRun(RemoteTestNG.java:251)
	at org.testng.remote.RemoteTestNG.main(RemoteTestNG.java:77)
</div></td></tr></table><p class="totop"><a href="#summary">back to summary</a></p>
<h3 id="m7">org.br.test.LoginPageTest#accountDropDownMenuTest</h3><table class="result"><tr><th class="invisible"/></tr></table><p class="totop"><a href="#summary">back to summary</a></p>
<h3 id="m8">org.br.test.LoginPageTest#accountInfoTest</h3><table class="result"><tr><th class="invisible"/></tr></table><p class="totop"><a href="#summary">back to summary</a></p>
<h3 id="m9">org.br.test.LoginPageTest#clickSearchPageTest</h3><table class="result"><tr><th class="invisible"/></tr></table><p class="totop"><a href="#summary">back to summary</a></p>
<h3 id="m10">org.br.test.LoginPageTest#clickSignOutTest</h3><table class="result"><tr><th class="invisible"/></tr></table><p class="totop"><a href="#summary">back to summary</a></p>
<h3 id="m11">org.br.test.LoginPageTest#loginAccountTest</h3><table class="result"><tr><th class="invisible"/></tr></table><p class="totop"><a href="#summary">back to summary</a></p>
<h2>SearchPageTest</h2><h3 id="m12">org.br.test.SearchPageTest#titleTest</h3><table class="result"><tr><th>Exception</th></tr><tr><td><div class="stacktrace">java.lang.AssertionError: title mismatch expected [Search Page] but found [Search | Banana Republic]
	at org.testng.Assert.fail(Assert.java:96)
	at org.testng.Assert.failNotEquals(Assert.java:776)
	at org.testng.Assert.assertEqualsImpl(Assert.java:137)
	at org.testng.Assert.assertEquals(Assert.java:118)
	at org.testng.Assert.assertEquals(Assert.java:453)
	at org.br.test.SearchPageTest.titleTest(SearchPageTest.java:35)
	at sun.reflect.NativeMethodAccessorImpl.invoke0(Native Method)
	at sun.reflect.NativeMethodAccessorImpl.invoke(Unknown Source)
	at sun.reflect.DelegatingMethodAccessorImpl.invoke(Unknown Source)
	at java.lang.reflect.Method.invoke(Unknown Source)
	at org.testng.internal.MethodInvocationHelper.invokeMethod(MethodInvocationHelper.java:124)
	at org.testng.internal.Invoker.invokeMethod(Invoker.java:583)
	at org.testng.internal.Invoker.invokeTestMethod(Invoker.java:719)
	at org.testng.internal.Invoker.invokeTestMethods(Invoker.java:989)
	at org.testng.internal.TestMethodWorker.invokeTestMethods(TestMethodWorker.java:125)
	at org.testng.internal.TestMethodWorker.run(TestMethodWorker.java:109)
	at org.testng.TestRunner.privateRun(TestRunner.java:648)
	at org.testng.TestRunner.run(TestRunner.java:505)
	at org.testng.SuiteRunner.runTest(SuiteRunner.java:455)
	at org.testng.SuiteRunner.runSequentially(SuiteRunner.java:450)
	at org.testng.SuiteRunner.privateRun(SuiteRunner.java:415)
	at org.testng.SuiteRunner.run(SuiteRunner.java:364)
	at org.testng.SuiteRunnerWorker.runSuite(SuiteRunnerWorker.java:52)
	at org.testng.SuiteRunnerWorker.run(SuiteRunnerWorker.java:84)
	at org.testng.TestNG.runSuitesSequentially(TestNG.java:1208)
	at org.testng.TestNG.runSuitesLocally(TestNG.java:1137)
	at org.testng.TestNG.runSuites(TestNG.java:1049)
	at org.testng.TestNG.run(TestNG.java:1017)
	at org.testng.remote.AbstractRemoteTestNG.run(AbstractRemoteTestNG.java:114)
	at org.testng.remote.RemoteTestNG.initAndRun(RemoteTestNG.java:251)
	at org.testng.remote.RemoteTestNG.main(RemoteTestNG.java:77)
</div></td></tr></table><p class="totop"><a href="#summary">back to summary</a></p>
<h3 id="m13">org.br.test.SearchPageTest#searchQueryTest</h3><table class="result"><tr><th class="invisible"/></tr></table><p class="totop"><a href="#summary">back to summary</a></p>
<h3 id="m14">org.br.test.SearchPageTest#selectItemTest</h3><table class="result"><tr><th class="invisible"/></tr></table><p class="totop"><a href="#summary">back to summary</a></p>
<h2>ProductPageTest</h2><h3 id="m15">org.br.test.ProductPageTest#clickCheckoutTest</h3><table class="result"><tr><th class="invisible"/></tr></table><p class="totop"><a href="#summary">back to summary</a></p>
<h3 id="m16">org.br.test.ProductPageTest#getProductDetailTest</h3><table class="result"><tr><th class="invisible"/></tr></table><p class="totop"><a href="#summary">back to summary</a></p>
<h3 id="m17">org.br.test.ProductPageTest#getTitleTest</h3><table class="result"><tr><th class="invisible"/></tr></table><p class="totop"><a href="#summary">back to summary</a></p>
<h3 id="m18">org.br.test.ProductPageTest#itemAddToBagTest</h3><table class="result"><tr><th class="invisible"/></tr></table><p class="totop"><a href="#summary">back to summary</a></p>
<h2>ShopBagPageTest</h2><h3 id="m19">org.br.test.ShopBagPageTest#checkProductDetailTest</h3><table class="result"><tr><th class="invisible"/></tr></table><p class="totop"><a href="#summary">back to summary</a></p>
<h3 id="m20">org.br.test.ShopBagPageTest#clickCheckoutTest</h3><table class="result"><tr><th class="invisible"/></tr></table><p class="totop"><a href="#summary">back to summary</a></p>
<h3 id="m21">org.br.test.ShopBagPageTest#titleTest</h3><table class="result"><tr><th class="invisible"/></tr></table><p class="totop"><a href="#summary">back to summary</a></p>
<h2>CheckoutPageTest</h2><h3 id="m22">org.br.test.CheckoutPageTest#productDetailActualTest</h3><table class="result"><tr><th>Exception</th></tr><tr><td><div class="stacktrace">java.lang.AssertionError: The following asserts failed:
	product detail mismatch expected [M] but found [Size: M]
	at org.testng.asserts.SoftAssert.assertAll(SoftAssert.java:43)
	at org.br.test.CheckoutPageTest.productDetailActualTest(CheckoutPageTest.java:44)
	at sun.reflect.NativeMethodAccessorImpl.invoke0(Native Method)
	at sun.reflect.NativeMethodAccessorImpl.invoke(Unknown Source)
	at sun.reflect.DelegatingMethodAccessorImpl.invoke(Unknown Source)
	at java.lang.reflect.Method.invoke(Unknown Source)
	at org.testng.internal.MethodInvocationHelper.invokeMethod(MethodInvocationHelper.java:124)
	at org.testng.internal.Invoker.invokeMethod(Invoker.java:583)
	at org.testng.internal.Invoker.invokeTestMethod(Invoker.java:719)
	at org.testng.internal.Invoker.invokeTestMethods(Invoker.java:989)
	at org.testng.internal.TestMethodWorker.invokeTestMethods(TestMethodWorker.java:125)
	at org.testng.internal.TestMethodWorker.run(TestMethodWorker.java:109)
	at org.testng.TestRunner.privateRun(TestRunner.java:648)
	at org.testng.TestRunner.run(TestRunner.java:505)
	at org.testng.SuiteRunner.runTest(SuiteRunner.java:455)
	at org.testng.SuiteRunner.runSequentially(SuiteRunner.java:450)
	at org.testng.SuiteRunner.privateRun(SuiteRunner.java:415)
	at org.testng.SuiteRunner.run(SuiteRunner.java:364)
	at org.testng.SuiteRunnerWorker.runSuite(SuiteRunnerWorker.java:52)
	at org.testng.SuiteRunnerWorker.run(SuiteRunnerWorker.java:84)
	at org.testng.TestNG.runSuitesSequentially(TestNG.java:1208)
	at org.testng.TestNG.runSuitesLocally(TestNG.java:1137)
	at org.testng.TestNG.runSuites(TestNG.java:1049)
	at org.testng.TestNG.run(TestNG.java:1017)
	at org.testng.remote.AbstractRemoteTestNG.run(AbstractRemoteTestNG.java:114)
	at org.testng.remote.RemoteTestNG.initAndRun(RemoteTestNG.java:251)
	at org.testng.remote.RemoteTestNG.main(RemoteTestNG.java:77)
</div></td></tr></table><p class="totop"><a href="#summary">back to summary</a></p>
<h3 id="m23">org.br.test.CheckoutPageTest#getTitles</h3><table class="result"><tr><th class="invisible"/></tr></table><p class="totop"><a href="#summary">back to summary</a></p>
<h3 id="m24">org.br.test.CheckoutPageTest#guestUserDisplayTest</h3><table class="result"><tr><th class="invisible"/></tr></table><p class="totop"><a href="#summary">back to summary</a></p>
<h3 id="m25">org.br.test.CheckoutPageTest#loginReturnUserTest</h3><table class="result"><tr><th class="invisible"/></tr></table><p class="totop"><a href="#summary">back to summary</a></p>
<h3 id="m26">org.br.test.CheckoutPageTest#orderSummaryTest</h3><table class="result"><tr><th class="invisible"/></tr></table><p class="totop"><a href="#summary">back to summary</a></p>
<h3 id="m27">org.br.test.CheckoutPageTest#returnUserDisplayTest</h3><table class="result"><tr><th class="invisible"/></tr></table><p class="totop"><a href="#summary">back to summary</a></p>
</body>
</html>
